[2024-11-20 17:13:48,061] - [main.py:114] - [INFO]  {'msg': '操作成功', 'code': 200, 'data': 'ok', 'path': '/sync/open/heartbeat'}
[2024-11-20 17:13:48,325] - [main.py:81] - [ERROR]  {'timestamp': 1732094028377, 'status': 404, 'error': 'Not Found', 'path': '/coding/open/heartbeat'}
[2024-11-20 17:13:48,329] - [main.py:99] - [INFO]  触发错误动作
[2024-11-20 17:13:48,630] - [main.py:76] - [INFO]  {"msgtype": "text", "text": {"content": "msg: coding服务停止了,\ninfo: {timestamp: 1732094028377, status: 404, error: Not Found, path: /coding/open/heartbeat}", "mentioned_mobile_list": ["18501635120"]}}
[2024-11-20 17:13:48,630] - [main.py:77] - [INFO]  {"errcode":0,"errmsg":"ok"}
[2024-11-20 17:14:10,325] - [main.py:114] - [INFO]  {'msg': '操作成功', 'code': 200, 'data': 'ok', 'path': '/sync/open/heartbeat'}
[2024-11-20 17:14:10,428] - [main.py:114] - [INFO]  {'code': 500, 'msg': '服务未找到', 'path': '/coding/open/heartbeat'}
[2024-11-20 17:14:10,428] - [main.py:81] - [ERROR]  {'code': 500, 'msg': '服务未找到', 'path': '/coding/open/heartbeat'}
[2024-11-20 17:14:10,434] - [main.py:99] - [INFO]  触发错误动作
[2024-11-20 17:14:10,833] - [main.py:76] - [INFO]  {"msgtype": "text", "text": {"content": "msg: coding服务停止了,\ninfo: {code: 500, msg: 服务未找到, path: /coding/open/heartbeat}", "mentioned_mobile_list": ["18501635120"]}}
[2024-11-20 17:14:10,834] - [main.py:77] - [INFO]  {"errcode":0,"errmsg":"ok"}
[2024-11-20 17:19:34,904] - [main.py:114] - [INFO]  {'msg': '操作成功', 'code': 200, 'data': 'ok', 'path': '/user/open/heartbeat'}
[2024-11-20 17:19:34,992] - [main.py:114] - [INFO]  {'msg': '操作成功', 'code': 200, 'data': 'ok', 'path': '/system/open/heartbeat'}
[2024-11-20 17:19:35,097] - [main.py:114] - [INFO]  {'msg': '操作成功', 'code': 200, 'data': 'ok', 'path': '/message/open/heartbeat'}
[2024-11-20 17:19:35,239] - [main.py:114] - [INFO]  {'msg': '操作成功', 'code': 200, 'data': 'ok', 'path': '/flowable/open/heartbeat'}
[2024-11-20 17:19:35,389] - [main.py:114] - [INFO]  {'msg': '操作成功', 'code': 200, 'data': 'ok', 'path': '/platform/open/heartbeat'}
[2024-11-20 17:19:35,506] - [main.py:114] - [INFO]  {'msg': '操作成功', 'code': 200, 'data': 'ok', 'path': '/schedule/open/heartbeat'}
[2024-11-20 17:19:35,612] - [main.py:114] - [INFO]  {'msg': '操作成功', 'code': 200, 'data': 'ok', 'path': '/datastore/open/heartbeat'}
[2024-11-20 17:19:35,724] - [main.py:114] - [INFO]  {'msg': '操作成功', 'code': 200, 'data': 'ok', 'path': '/file/open/heartbeat'}
[2024-11-20 17:19:35,844] - [main.py:114] - [INFO]  {'msg': '操作成功', 'code': 200, 'data': 'ok', 'path': '/order/open/heartbeat'}
[2024-11-20 17:19:35,966] - [main.py:114] - [INFO]  {'msg': '操作成功', 'code': 200, 'data': 'ok', 'path': '/payment/open/heartbeat'}
[2024-11-20 17:19:36,088] - [main.py:114] - [INFO]  {'msg': '操作成功', 'code': 200, 'data': 'ok', 'path': '/sync/open/heartbeat'}
[2024-11-20 17:19:54,150] - [main.py:114] - [INFO]  {'msg': '操作成功', 'code': 200, 'data': 'ok', 'path': '/sync/open/heartbeat'}
[2024-11-20 17:19:54,304] - [main.py:114] - [INFO]  {'code': 500, 'msg': '服务未找到', 'path': '/coding/open/heartbeat'}
[2024-11-20 17:19:54,304] - [main.py:81] - [ERROR]  {'code': 500, 'msg': '服务未找到', 'path': '/coding/open/heartbeat'}
[2024-11-20 17:19:54,306] - [main.py:99] - [INFO]  触发错误动作
[2024-11-20 17:19:58,353] - [main.py:114] - [INFO]  {'msg': '操作成功', 'code': 200, 'data': 'ok', 'path': '/sync/open/heartbeat'}
[2024-11-20 17:19:58,505] - [main.py:114] - [INFO]  {'code': 500, 'msg': '服务未找到', 'path': '/coding/open/heartbeat'}
[2024-11-20 17:19:58,505] - [main.py:81] - [ERROR]  {'code': 500, 'msg': '服务未找到', 'path': '/coding/open/heartbeat'}
[2024-11-20 17:19:58,507] - [main.py:92] - [INFO]  coding错误,五分钟内重复不触发报警动作
[2024-11-20 17:20:07,566] - [main.py:114] - [INFO]  {'msg': '操作成功', 'code': 200, 'data': 'ok', 'path': '/sync/open/heartbeat'}
[2024-11-20 17:20:07,693] - [main.py:114] - [INFO]  {'code': 500, 'msg': '服务未找到', 'path': '/coding/open/heartbeat'}
[2024-11-20 17:20:07,693] - [main.py:81] - [ERROR]  {'code': 500, 'msg': '服务未找到', 'path': '/coding/open/heartbeat'}
[2024-11-20 17:20:07,694] - [main.py:92] - [INFO]  coding错误,五分钟内重复不触发报警动作
[2024-11-20 17:21:16,078] - [main.py:65] - [INFO]  {'msg': '操作成功', 'code': 200, 'data': 'ok', 'path': '/sync/open/heartbeat'}
[2024-11-20 17:21:16,242] - [main.py:65] - [INFO]  {'code': 500, 'msg': '服务未找到', 'path': '/coding/open/heartbeat'}
[2024-11-20 17:21:16,242] - [main.py:99] - [ERROR]  {'code': 500, 'msg': '服务未找到', 'path': '/coding/open/heartbeat'}
[2024-11-20 17:21:16,247] - [main.py:110] - [INFO]  coding错误,五分钟内重复不触发报警动作
[2024-11-20 17:22:10,466] - [main.py:114] - [INFO]  {'msg': '操作成功', 'code': 200, 'data': 'ok', 'path': '/user/open/heartbeat'}
[2024-11-20 17:22:10,620] - [main.py:114] - [INFO]  {'msg': '操作成功', 'code': 200, 'data': 'ok', 'path': '/system/open/heartbeat'}
[2024-11-20 17:22:10,746] - [main.py:114] - [INFO]  {'msg': '操作成功', 'code': 200, 'data': 'ok', 'path': '/message/open/heartbeat'}
[2024-11-20 17:22:10,871] - [main.py:114] - [INFO]  {'msg': '操作成功', 'code': 200, 'data': 'ok', 'path': '/flowable/open/heartbeat'}
[2024-11-20 17:22:11,055] - [main.py:114] - [INFO]  {'msg': '操作成功', 'code': 200, 'data': 'ok', 'path': '/platform/open/heartbeat'}
[2024-11-20 17:22:11,199] - [main.py:114] - [INFO]  {'msg': '操作成功', 'code': 200, 'data': 'ok', 'path': '/schedule/open/heartbeat'}
[2024-11-20 17:22:11,408] - [main.py:114] - [INFO]  {'msg': '操作成功', 'code': 200, 'data': 'ok', 'path': '/datastore/open/heartbeat'}
[2024-11-20 17:22:11,570] - [main.py:114] - [INFO]  {'msg': '操作成功', 'code': 200, 'data': 'ok', 'path': '/file/open/heartbeat'}
[2024-11-20 17:22:11,681] - [main.py:114] - [INFO]  {'msg': '操作成功', 'code': 200, 'data': 'ok', 'path': '/order/open/heartbeat'}
[2024-11-20 17:22:11,807] - [main.py:114] - [INFO]  {'msg': '操作成功', 'code': 200, 'data': 'ok', 'path': '/payment/open/heartbeat'}
[2024-11-20 17:22:11,925] - [main.py:114] - [INFO]  {'msg': '操作成功', 'code': 200, 'data': 'ok', 'path': '/sync/open/heartbeat'}
[2024-11-20 17:22:12,025] - [main.py:114] - [INFO]  {'code': 500, 'msg': '服务未找到', 'path': '/coding/open/heartbeat'}
[2024-11-20 17:22:12,026] - [main.py:81] - [ERROR]  {'code': 500, 'msg': '服务未找到', 'path': '/coding/open/heartbeat'}
[2024-11-20 17:22:12,031] - [main.py:92] - [INFO]  coding错误,五分钟内重复不触发报警动作
[2024-11-20 17:22:37,976] - [main.py:114] - [INFO]  {'msg': '操作成功', 'code': 200, 'data': 'ok', 'path': '/user/open/heartbeat'}
[2024-11-20 17:22:38,094] - [main.py:114] - [INFO]  {'msg': '操作成功', 'code': 200, 'data': 'ok', 'path': '/system/open/heartbeat'}
[2024-11-20 17:22:39,247] - [main.py:114] - [INFO]  {'msg': '操作成功', 'code': 200, 'data': 'ok', 'path': '/message/open/heartbeat'}
[2024-11-20 17:22:39,344] - [main.py:114] - [INFO]  {'msg': '操作成功', 'code': 200, 'data': 'ok', 'path': '/flowable/open/heartbeat'}
[2024-11-20 17:22:39,460] - [main.py:114] - [INFO]  {'msg': '操作成功', 'code': 200, 'data': 'ok', 'path': '/platform/open/heartbeat'}
[2024-11-20 17:22:39,567] - [main.py:114] - [INFO]  {'msg': '操作成功', 'code': 200, 'data': 'ok', 'path': '/schedule/open/heartbeat'}
[2024-11-20 17:22:39,671] - [main.py:114] - [INFO]  {'msg': '操作成功', 'code': 200, 'data': 'ok', 'path': '/datastore/open/heartbeat'}
[2024-11-20 17:22:39,766] - [main.py:114] - [INFO]  {'msg': '操作成功', 'code': 200, 'data': 'ok', 'path': '/file/open/heartbeat'}
[2024-11-20 17:22:39,867] - [main.py:114] - [INFO]  {'msg': '操作成功', 'code': 200, 'data': 'ok', 'path': '/order/open/heartbeat'}
[2024-11-20 17:22:42,016] - [main.py:114] - [INFO]  {'msg': '操作成功', 'code': 200, 'data': 'ok', 'path': '/user/open/heartbeat'}
[2024-11-20 17:22:42,236] - [main.py:114] - [INFO]  {'msg': '操作成功', 'code': 200, 'data': 'ok', 'path': '/system/open/heartbeat'}
[2024-11-20 17:22:42,394] - [main.py:114] - [INFO]  {'msg': '操作成功', 'code': 200, 'data': 'ok', 'path': '/message/open/heartbeat'}
[2024-11-20 17:22:42,529] - [main.py:114] - [INFO]  {'msg': '操作成功', 'code': 200, 'data': 'ok', 'path': '/flowable/open/heartbeat'}
[2024-11-20 17:22:42,638] - [main.py:114] - [INFO]  {'msg': '操作成功', 'code': 200, 'data': 'ok', 'path': '/platform/open/heartbeat'}
[2024-11-20 17:22:42,738] - [main.py:114] - [INFO]  {'msg': '操作成功', 'code': 200, 'data': 'ok', 'path': '/schedule/open/heartbeat'}
[2024-11-20 17:22:42,841] - [main.py:114] - [INFO]  {'msg': '操作成功', 'code': 200, 'data': 'ok', 'path': '/datastore/open/heartbeat'}
[2024-11-20 17:22:42,950] - [main.py:114] - [INFO]  {'msg': '操作成功', 'code': 200, 'data': 'ok', 'path': '/file/open/heartbeat'}
[2024-11-20 17:22:43,049] - [main.py:114] - [INFO]  {'msg': '操作成功', 'code': 200, 'data': 'ok', 'path': '/order/open/heartbeat'}
[2024-11-20 17:22:43,144] - [main.py:114] - [INFO]  {'msg': '操作成功', 'code': 200, 'data': 'ok', 'path': '/payment/open/heartbeat'}
[2024-11-20 17:22:43,308] - [main.py:114] - [INFO]  {'msg': '操作成功', 'code': 200, 'data': 'ok', 'path': '/sync/open/heartbeat'}
[2024-11-20 17:22:43,424] - [main.py:114] - [INFO]  {'code': 500, 'msg': '服务未找到', 'path': '/coding/open/heartbeat'}
[2024-11-20 17:22:43,425] - [main.py:81] - [ERROR]  {'code': 500, 'msg': '服务未找到', 'path': '/coding/open/heartbeat'}
[2024-11-20 17:22:43,429] - [main.py:92] - [INFO]  coding错误,五分钟内重复不触发报警动作
[2024-11-20 17:23:11,692] - [main.py:114] - [INFO]  {'msg': '操作成功', 'code': 200, 'data': 'ok', 'path': '/user/open/heartbeat'}
[2024-11-20 17:23:11,800] - [main.py:114] - [INFO]  {'msg': '操作成功', 'code': 200, 'data': 'ok', 'path': '/system/open/heartbeat'}
[2024-11-20 17:23:11,919] - [main.py:114] - [INFO]  {'msg': '操作成功', 'code': 200, 'data': 'ok', 'path': '/message/open/heartbeat'}
[2024-11-20 17:23:12,052] - [main.py:114] - [INFO]  {'msg': '操作成功', 'code': 200, 'data': 'ok', 'path': '/flowable/open/heartbeat'}
[2024-11-20 17:23:12,186] - [main.py:114] - [INFO]  {'msg': '操作成功', 'code': 200, 'data': 'ok', 'path': '/platform/open/heartbeat'}
[2024-11-20 17:23:12,310] - [main.py:114] - [INFO]  {'msg': '操作成功', 'code': 200, 'data': 'ok', 'path': '/schedule/open/heartbeat'}
[2024-11-20 17:23:12,423] - [main.py:114] - [INFO]  {'msg': '操作成功', 'code': 200, 'data': 'ok', 'path': '/datastore/open/heartbeat'}
[2024-11-20 17:23:12,527] - [main.py:114] - [INFO]  {'msg': '操作成功', 'code': 200, 'data': 'ok', 'path': '/file/open/heartbeat'}
[2024-11-20 17:23:12,638] - [main.py:114] - [INFO]  {'msg': '操作成功', 'code': 200, 'data': 'ok', 'path': '/order/open/heartbeat'}
[2024-11-20 17:23:12,766] - [main.py:114] - [INFO]  {'msg': '操作成功', 'code': 200, 'data': 'ok', 'path': '/payment/open/heartbeat'}
[2024-11-20 17:23:12,939] - [main.py:114] - [INFO]  {'msg': '操作成功', 'code': 200, 'data': 'ok', 'path': '/sync/open/heartbeat'}
[2024-11-20 17:23:13,054] - [main.py:114] - [INFO]  {'code': 500, 'msg': '服务未找到', 'path': '/coding/open/heartbeat'}
[2024-11-20 17:23:13,055] - [main.py:81] - [ERROR]  {'code': 500, 'msg': '服务未找到', 'path': '/coding/open/heartbeat'}
[2024-11-20 17:23:13,058] - [main.py:92] - [INFO]  coding错误,五分钟内重复不触发报警动作
[2024-11-20 17:23:55,045] - [main.py:81] - [ERROR]  {'code': 500, 'msg': '服务未找到', 'path': '/coding/open/heartbeat'}
[2024-11-20 17:23:55,050] - [main.py:92] - [INFO]  coding错误,五分钟内重复不触发报警动作
[2024-11-20 17:24:04,066] - [main.py:114] - [INFO]  {'msg': '操作成功', 'code': 200, 'data': 'ok', 'path': '/user/open/heartbeat'}
[2024-11-20 17:24:04,196] - [main.py:114] - [INFO]  {'msg': '操作成功', 'code': 200, 'data': 'ok', 'path': '/system/open/heartbeat'}
[2024-11-20 17:24:04,316] - [main.py:114] - [INFO]  {'msg': '操作成功', 'code': 200, 'data': 'ok', 'path': '/message/open/heartbeat'}
[2024-11-20 17:24:04,461] - [main.py:114] - [INFO]  {'msg': '操作成功', 'code': 200, 'data': 'ok', 'path': '/flowable/open/heartbeat'}
[2024-11-20 17:24:04,615] - [main.py:114] - [INFO]  {'msg': '操作成功', 'code': 200, 'data': 'ok', 'path': '/platform/open/heartbeat'}
[2024-11-20 17:24:04,727] - [main.py:114] - [INFO]  {'msg': '操作成功', 'code': 200, 'data': 'ok', 'path': '/schedule/open/heartbeat'}
[2024-11-20 17:24:04,848] - [main.py:114] - [INFO]  {'msg': '操作成功', 'code': 200, 'data': 'ok', 'path': '/datastore/open/heartbeat'}
[2024-11-20 17:24:04,958] - [main.py:114] - [INFO]  {'msg': '操作成功', 'code': 200, 'data': 'ok', 'path': '/file/open/heartbeat'}
[2024-11-20 17:24:05,061] - [main.py:114] - [INFO]  {'msg': '操作成功', 'code': 200, 'data': 'ok', 'path': '/order/open/heartbeat'}
[2024-11-20 17:24:05,214] - [main.py:114] - [INFO]  {'msg': '操作成功', 'code': 200, 'data': 'ok', 'path': '/payment/open/heartbeat'}
[2024-11-20 17:24:05,379] - [main.py:114] - [INFO]  {'msg': '操作成功', 'code': 200, 'data': 'ok', 'path': '/sync/open/heartbeat'}
[2024-11-20 17:24:05,542] - [main.py:114] - [INFO]  {'code': 500, 'msg': '服务未找到', 'path': '/coding/open/heartbeat'}
[2024-11-20 17:24:05,542] - [main.py:81] - [ERROR]  {'code': 500, 'msg': '服务未找到', 'path': '/coding/open/heartbeat'}
[2024-11-20 17:24:05,547] - [main.py:92] - [INFO]  coding错误,五分钟内重复不触发报警动作
[2024-11-20 17:24:47,953] - [main.py:114] - [INFO]  {'msg': '操作成功', 'code': 200, 'data': 'ok', 'path': '/user/open/heartbeat'}
[2024-11-20 17:24:48,069] - [main.py:114] - [INFO]  {'msg': '操作成功', 'code': 200, 'data': 'ok', 'path': '/system/open/heartbeat'}
[2024-11-20 17:24:48,189] - [main.py:114] - [INFO]  {'msg': '操作成功', 'code': 200, 'data': 'ok', 'path': '/message/open/heartbeat'}
[2024-11-20 17:24:48,322] - [main.py:114] - [INFO]  {'msg': '操作成功', 'code': 200, 'data': 'ok', 'path': '/flowable/open/heartbeat'}
[2024-11-20 17:24:48,430] - [main.py:114] - [INFO]  {'msg': '操作成功', 'code': 200, 'data': 'ok', 'path': '/platform/open/heartbeat'}
[2024-11-20 17:24:48,549] - [main.py:114] - [INFO]  {'msg': '操作成功', 'code': 200, 'data': 'ok', 'path': '/schedule/open/heartbeat'}
[2024-11-20 17:24:48,672] - [main.py:114] - [INFO]  {'msg': '操作成功', 'code': 200, 'data': 'ok', 'path': '/datastore/open/heartbeat'}
[2024-11-20 17:24:48,772] - [main.py:114] - [INFO]  {'msg': '操作成功', 'code': 200, 'data': 'ok', 'path': '/file/open/heartbeat'}
[2024-11-20 17:24:48,891] - [main.py:114] - [INFO]  {'msg': '操作成功', 'code': 200, 'data': 'ok', 'path': '/order/open/heartbeat'}
[2024-11-20 17:24:48,993] - [main.py:114] - [INFO]  {'msg': '操作成功', 'code': 200, 'data': 'ok', 'path': '/payment/open/heartbeat'}
[2024-11-20 17:24:49,103] - [main.py:114] - [INFO]  {'msg': '操作成功', 'code': 200, 'data': 'ok', 'path': '/sync/open/heartbeat'}
[2024-11-20 17:24:49,341] - [main.py:81] - [ERROR]  {'code': 500, 'msg': '服务未找到'}
[2024-11-20 17:24:49,346] - [main.py:92] - [INFO]  coding错误,五分钟内重复不触发报警动作
[2024-11-21 15:21:24,350] - [main.py:114] - [INFO]  {'msg': '操作成功', 'code': 200, 'data': 'ok', 'path': '/user/open/heartbeat'}
[2024-11-21 15:21:24,475] - [main.py:114] - [INFO]  {'msg': '操作成功', 'code': 200, 'data': 'ok', 'path': '/system/open/heartbeat'}
[2024-11-21 15:21:24,606] - [main.py:114] - [INFO]  {'msg': '操作成功', 'code': 200, 'data': 'ok', 'path': '/message/open/heartbeat'}
[2024-11-21 15:21:24,857] - [main.py:114] - [INFO]  {'msg': '操作成功', 'code': 200, 'data': 'ok', 'path': '/flowable/open/heartbeat'}
[2024-11-21 15:21:24,970] - [main.py:114] - [INFO]  {'msg': '操作成功', 'code': 200, 'data': 'ok', 'path': '/platform/open/heartbeat'}
[2024-11-21 15:21:25,082] - [main.py:114] - [INFO]  {'msg': '操作成功', 'code': 200, 'data': 'ok', 'path': '/schedule/open/heartbeat'}
[2024-11-21 15:21:25,196] - [main.py:114] - [INFO]  {'msg': '操作成功', 'code': 200, 'data': 'ok', 'path': '/datastore/open/heartbeat'}
[2024-11-21 15:21:25,315] - [main.py:114] - [INFO]  {'msg': '操作成功', 'code': 200, 'data': 'ok', 'path': '/file/open/heartbeat'}
[2024-11-21 15:21:25,421] - [main.py:114] - [INFO]  {'msg': '操作成功', 'code': 200, 'data': 'ok', 'path': '/order/open/heartbeat'}
[2024-11-21 15:21:25,529] - [main.py:114] - [INFO]  {'msg': '操作成功', 'code': 200, 'data': 'ok', 'path': '/payment/open/heartbeat'}
[2024-11-21 15:21:25,702] - [main.py:114] - [INFO]  {'msg': '操作成功', 'code': 200, 'data': 'ok', 'path': '/sync/open/heartbeat'}
[2024-11-21 15:21:25,879] - [main.py:81] - [ERROR]  {'code': 500, 'msg': '服务未找到'}
[2024-11-21 15:21:25,886] - [main.py:99] - [INFO]  触发错误动作
[2024-12-03 10:23:27,332] - [main.py:112] - [INFO]  {'msg': '操作成功', 'code': 200, 'data': 'ok', 'path': '/user/open/heartbeat'}
[2024-12-03 10:23:27,475] - [main.py:112] - [INFO]  {'msg': '操作成功', 'code': 200, 'data': 'ok', 'path': '/system/open/heartbeat'}
[2024-12-03 10:23:27,575] - [main.py:112] - [INFO]  {'msg': '操作成功', 'code': 200, 'data': 'ok', 'path': '/message/open/heartbeat'}
[2024-12-03 10:23:27,686] - [main.py:112] - [INFO]  {'msg': '操作成功', 'code': 200, 'data': 'ok', 'path': '/flowable/open/heartbeat'}
[2024-12-03 10:23:27,810] - [main.py:112] - [INFO]  {'msg': '操作成功', 'code': 200, 'data': 'ok', 'path': '/platform/open/heartbeat'}
[2024-12-03 10:23:27,920] - [main.py:112] - [INFO]  {'msg': '操作成功', 'code': 200, 'data': 'ok', 'path': '/schedule/open/heartbeat'}
[2024-12-03 10:23:28,064] - [main.py:112] - [INFO]  {'msg': '操作成功', 'code': 200, 'data': 'ok', 'path': '/datastore/open/heartbeat'}
[2024-12-03 10:23:28,180] - [main.py:112] - [INFO]  {'msg': '操作成功', 'code': 200, 'data': 'ok', 'path': '/file/open/heartbeat'}
[2024-12-03 10:23:28,320] - [main.py:112] - [INFO]  {'msg': '操作成功', 'code': 200, 'data': 'ok', 'path': '/order/open/heartbeat'}
[2024-12-03 10:23:28,451] - [main.py:112] - [INFO]  {'msg': '操作成功', 'code': 200, 'data': 'ok', 'path': '/payment/open/heartbeat'}
[2024-12-03 10:23:28,572] - [main.py:112] - [INFO]  {'msg': '操作成功', 'code': 200, 'data': 'ok', 'path': '/sync/open/heartbeat'}
[2024-12-03 10:23:28,701] - [main.py:79] - [ERROR]  {'code': 500, 'msg': '服务未找到'}
[2024-12-03 10:23:28,707] - [main.py:97] - [INFO]  触发错误动作
[2024-12-03 10:25:03,550] - [main.py:112] - [INFO]  {'msg': '操作成功', 'code': 200, 'data': 'ok', 'path': '/user/open/heartbeat'}
[2024-12-03 10:25:03,650] - [main.py:112] - [INFO]  {'msg': '操作成功', 'code': 200, 'data': 'ok', 'path': '/system/open/heartbeat'}
[2024-12-03 10:25:03,773] - [main.py:112] - [INFO]  {'msg': '操作成功', 'code': 200, 'data': 'ok', 'path': '/message/open/heartbeat'}
[2024-12-03 10:25:03,875] - [main.py:112] - [INFO]  {'msg': '操作成功', 'code': 200, 'data': 'ok', 'path': '/flowable/open/heartbeat'}
[2024-12-03 10:25:03,977] - [main.py:112] - [INFO]  {'msg': '操作成功', 'code': 200, 'data': 'ok', 'path': '/platform/open/heartbeat'}
[2024-12-03 10:25:04,169] - [main.py:112] - [INFO]  {'msg': '操作成功', 'code': 200, 'data': 'ok', 'path': '/schedule/open/heartbeat'}
[2024-12-03 10:25:04,278] - [main.py:112] - [INFO]  {'msg': '操作成功', 'code': 200, 'data': 'ok', 'path': '/datastore/open/heartbeat'}
[2024-12-03 10:25:04,411] - [main.py:112] - [INFO]  {'msg': '操作成功', 'code': 200, 'data': 'ok', 'path': '/file/open/heartbeat'}
[2024-12-03 10:25:04,538] - [main.py:112] - [INFO]  {'msg': '操作成功', 'code': 200, 'data': 'ok', 'path': '/order/open/heartbeat'}
[2024-12-03 10:25:04,658] - [main.py:112] - [INFO]  {'msg': '操作成功', 'code': 200, 'data': 'ok', 'path': '/payment/open/heartbeat'}
[2024-12-03 10:25:04,802] - [main.py:112] - [INFO]  {'msg': '操作成功', 'code': 200, 'data': 'ok', 'path': '/sync/open/heartbeat'}
[2024-12-03 10:25:04,920] - [main.py:79] - [ERROR]  {'code': 500, 'msg': '服务未找到'}
[2024-12-03 10:25:04,922] - [main.py:90] - [INFO]  coding错误,五分钟内重复不触发报警动作
[2024-12-03 10:26:06,261] - [main.py:112] - [INFO]  {'msg': '操作成功', 'code': 200, 'data': 'ok', 'path': '/user/open/heartbeat'}
[2024-12-03 10:26:06,374] - [main.py:112] - [INFO]  {'msg': '操作成功', 'code': 200, 'data': 'ok', 'path': '/system/open/heartbeat'}
[2024-12-03 10:26:06,480] - [main.py:112] - [INFO]  {'msg': '操作成功', 'code': 200, 'data': 'ok', 'path': '/message/open/heartbeat'}
[2024-12-03 10:26:06,597] - [main.py:112] - [INFO]  {'msg': '操作成功', 'code': 200, 'data': 'ok', 'path': '/flowable/open/heartbeat'}
[2024-12-03 10:26:06,744] - [main.py:112] - [INFO]  {'msg': '操作成功', 'code': 200, 'data': 'ok', 'path': '/platform/open/heartbeat'}
[2024-12-03 10:26:06,857] - [main.py:112] - [INFO]  {'msg': '操作成功', 'code': 200, 'data': 'ok', 'path': '/schedule/open/heartbeat'}
[2024-12-03 10:26:06,971] - [main.py:112] - [INFO]  {'msg': '操作成功', 'code': 200, 'data': 'ok', 'path': '/datastore/open/heartbeat'}
[2024-12-03 10:26:07,099] - [main.py:112] - [INFO]  {'msg': '操作成功', 'code': 200, 'data': 'ok', 'path': '/file/open/heartbeat'}
[2024-12-03 10:26:07,218] - [main.py:112] - [INFO]  {'msg': '操作成功', 'code': 200, 'data': 'ok', 'path': '/order/open/heartbeat'}
[2024-12-03 10:26:07,346] - [main.py:112] - [INFO]  {'msg': '操作成功', 'code': 200, 'data': 'ok', 'path': '/payment/open/heartbeat'}
[2024-12-03 10:26:07,456] - [main.py:112] - [INFO]  {'msg': '操作成功', 'code': 200, 'data': 'ok', 'path': '/sync/open/heartbeat'}
[2024-12-03 10:26:07,551] - [main.py:79] - [ERROR]  {'code': 500, 'msg': '服务未找到'}
[2024-12-03 10:26:07,554] - [main.py:97] - [INFO]  触发错误动作
[2024-12-03 10:26:07,860] - [main.py:74] - [INFO]  {"msgtype": "text", "text": {"content": "msg: coding服务停止了,\ninfo: {code: 500, msg: 服务未找到}", "mentioned_mobile_list": ["18501635120"]}}
[2024-12-03 10:26:07,861] - [main.py:75] - [INFO]  {"errcode":0,"errmsg":"ok"}
